<?xml version="1.0" encoding="UTF-8"?>
<coverage generated="1731949263789" clover="3.2.0">
  <project timestamp="1731949263789" name="All files">
    <metrics statements="34" coveredstatements="34" conditionals="8" coveredconditionals="8" methods="9" coveredmethods="9" elements="51" coveredelements="51" complexity="0" loc="34" ncloc="34" packages="1" files="4" classes="4"/>
    <file name="Character.js" path="D:\учеба\нетология\Frontend\продвинутый js\Прототипы, конструкторы, классы и наследование\dz\oop-classes\src\js\Character.js">
      <metrics statements="24" coveredstatements="24" conditionals="0" coveredconditionals="0" methods="7" coveredmethods="7"/>
      <line num="5" count="11" type="stmt"/>
      <line num="6" count="8" type="stmt"/>
      <line num="8" count="7" type="stmt"/>
      <line num="9" count="7" type="stmt"/>
      <line num="10" count="7" type="stmt"/>
      <line num="11" count="7" type="stmt"/>
      <line num="17" count="1" type="stmt"/>
      <line num="19" count="1" type="stmt"/>
      <line num="20" count="1" type="stmt"/>
      <line num="26" count="1" type="stmt"/>
      <line num="28" count="1" type="stmt"/>
      <line num="29" count="1" type="stmt"/>
      <line num="35" count="1" type="stmt"/>
      <line num="37" count="1" type="stmt"/>
      <line num="38" count="1" type="stmt"/>
      <line num="44" count="1" type="stmt"/>
      <line num="46" count="1" type="stmt"/>
      <line num="47" count="1" type="stmt"/>
      <line num="53" count="1" type="stmt"/>
      <line num="55" count="1" type="stmt"/>
      <line num="56" count="1" type="stmt"/>
      <line num="62" count="1" type="stmt"/>
      <line num="64" count="1" type="stmt"/>
      <line num="65" count="1" type="stmt"/>
    </file>
    <file name="characters.js" path="D:\учеба\нетология\Frontend\продвинутый js\Прототипы, конструкторы, классы и наследование\dz\oop-classes\src\js\characters.js">
      <metrics statements="1" coveredstatements="1" conditionals="0" coveredconditionals="0" methods="0" coveredmethods="0"/>
      <line num="1" count="1" type="stmt"/>
    </file>
    <file name="dataValidityCheck.js" path="D:\учеба\нетология\Frontend\продвинутый js\Прототипы, конструкторы, классы и наследование\dz\oop-classes\src\js\dataValidityCheck.js">
      <metrics statements="9" coveredstatements="9" conditionals="8" coveredconditionals="8" methods="2" coveredmethods="2"/>
      <line num="4" count="11" type="cond" truecount="2" falsecount="0"/>
      <line num="5" count="1" type="stmt"/>
      <line num="8" count="10" type="cond" truecount="2" falsecount="0"/>
      <line num="9" count="1" type="stmt"/>
      <line num="12" count="9" type="cond" truecount="2" falsecount="0"/>
      <line num="13" count="1" type="stmt"/>
      <line num="16" count="8" type="stmt"/>
      <line num="20" count="8" type="cond" truecount="2" falsecount="0"/>
      <line num="21" count="1" type="stmt"/>
    </file>
    <file name="typesList.js" path="D:\учеба\нетология\Frontend\продвинутый js\Прототипы, конструкторы, классы и наследование\dz\oop-classes\src\js\typesList.js">
      <metrics statements="0" coveredstatements="0" conditionals="0" coveredconditionals="0" methods="0" coveredmethods="0"/>
    </file>
  </project>
</coverage>
