{"D:\\учеба\\нетология\\Frontend\\продвинутый js\\Прототипы, конструкторы, классы и наследование\\dz\\oop-classes\\src\\js\\Character.js": {"path":"D:\\учеба\\нетология\\Frontend\\продвинутый js\\Прототипы, конструкторы, классы и наследование\\dz\\oop-classes\\src\\js\\Character.js","statementMap":{"0":{"start":{"line":5,"column":4},"end":{"line":5,"column":28}},"1":{"start":{"line":6,"column":4},"end":{"line":6,"column":28}},"2":{"start":{"line":8,"column":4},"end":{"line":8,"column":21}},"3":{"start":{"line":9,"column":4},"end":{"line":9,"column":21}},"4":{"start":{"line":10,"column":4},"end":{"line":10,"column":22}},"5":{"start":{"line":11,"column":4},"end":{"line":11,"column":19}},"6":{"start":{"line":17,"column":4},"end":{"line":17,"column":26}},"7":{"start":{"line":19,"column":4},"end":{"line":19,"column":21}},"8":{"start":{"line":20,"column":4},"end":{"line":20,"column":22}},"9":{"start":{"line":26,"column":4},"end":{"line":26,"column":29}},"10":{"start":{"line":28,"column":4},"end":{"line":28,"column":21}},"11":{"start":{"line":29,"column":4},"end":{"line":29,"column":22}},"12":{"start":{"line":35,"column":4},"end":{"line":35,"column":28}},"13":{"start":{"line":37,"column":4},"end":{"line":37,"column":21}},"14":{"start":{"line":38,"column":4},"end":{"line":38,"column":22}},"15":{"start":{"line":44,"column":4},"end":{"line":44,"column":26}},"16":{"start":{"line":46,"column":4},"end":{"line":46,"column":21}},"17":{"start":{"line":47,"column":4},"end":{"line":47,"column":22}},"18":{"start":{"line":53,"column":4},"end":{"line":53,"column":26}},"19":{"start":{"line":55,"column":4},"end":{"line":55,"column":21}},"20":{"start":{"line":56,"column":4},"end":{"line":56,"column":22}},"21":{"start":{"line":62,"column":4},"end":{"line":62,"column":26}},"22":{"start":{"line":64,"column":4},"end":{"line":64,"column":21}},"23":{"start":{"line":65,"column":4},"end":{"line":65,"column":22}}},"fnMap":{"0":{"name":"(anonymous_0)","decl":{"start":{"line":4,"column":2},"end":{"line":4,"column":3}},"loc":{"start":{"line":4,"column":27},"end":{"line":12,"column":3}},"line":4},"1":{"name":"(anonymous_1)","decl":{"start":{"line":16,"column":2},"end":{"line":16,"column":3}},"loc":{"start":{"line":16,"column":20},"end":{"line":21,"column":3}},"line":16},"2":{"name":"(anonymous_2)","decl":{"start":{"line":25,"column":2},"end":{"line":25,"column":3}},"loc":{"start":{"line":25,"column":20},"end":{"line":30,"column":3}},"line":25},"3":{"name":"(anonymous_3)","decl":{"start":{"line":34,"column":2},"end":{"line":34,"column":3}},"loc":{"start":{"line":34,"column":20},"end":{"line":39,"column":3}},"line":34},"4":{"name":"(anonymous_4)","decl":{"start":{"line":43,"column":2},"end":{"line":43,"column":3}},"loc":{"start":{"line":43,"column":20},"end":{"line":48,"column":3}},"line":43},"5":{"name":"(anonymous_5)","decl":{"start":{"line":52,"column":2},"end":{"line":52,"column":3}},"loc":{"start":{"line":52,"column":20},"end":{"line":57,"column":3}},"line":52},"6":{"name":"(anonymous_6)","decl":{"start":{"line":61,"column":2},"end":{"line":61,"column":3}},"loc":{"start":{"line":61,"column":20},"end":{"line":66,"column":3}},"line":61}},"branchMap":{},"s":{"0":11,"1":8,"2":7,"3":7,"4":7,"5":7,"6":1,"7":1,"8":1,"9":1,"10":1,"11":1,"12":1,"13":1,"14":1,"15":1,"16":1,"17":1,"18":1,"19":1,"20":1,"21":1,"22":1,"23":1},"f":{"0":11,"1":1,"2":1,"3":1,"4":1,"5":1,"6":1},"b":{},"_coverageSchema":"1a1c01bbd47fc00a2c39e90264f33305004495a9","hash":"116a4e087de6b200dc1fc40f19698545b99e5659"}
,"D:\\учеба\\нетология\\Frontend\\продвинутый js\\Прототипы, конструкторы, классы и наследование\\dz\\oop-classes\\src\\js\\characters.js": {"path":"D:\\учеба\\нетология\\Frontend\\продвинутый js\\Прототипы, конструкторы, классы и наследование\\dz\\oop-classes\\src\\js\\characters.js","statementMap":{"0":{"start":{"line":1,"column":26},"end":{"line":50,"column":1}}},"fnMap":{},"branchMap":{},"s":{"0":1},"f":{},"b":{},"_coverageSchema":"1a1c01bbd47fc00a2c39e90264f33305004495a9","hash":"4870d2e576fe10e328594a45c448b25315c10414"}
,"D:\\учеба\\нетология\\Frontend\\продвинутый js\\Прототипы, конструкторы, классы и наследование\\dz\\oop-classes\\src\\js\\dataValidityCheck.js": {"path":"D:\\учеба\\нетология\\Frontend\\продвинутый js\\Прототипы, конструкторы, классы и наследование\\dz\\oop-classes\\src\\js\\dataValidityCheck.js","statementMap":{"0":{"start":{"line":4,"column":2},"end":{"line":6,"column":3}},"1":{"start":{"line":5,"column":4},"end":{"line":5,"column":44}},"2":{"start":{"line":8,"column":2},"end":{"line":10,"column":3}},"3":{"start":{"line":9,"column":4},"end":{"line":9,"column":73}},"4":{"start":{"line":12,"column":2},"end":{"line":14,"column":3}},"5":{"start":{"line":13,"column":4},"end":{"line":13,"column":74}},"6":{"start":{"line":16,"column":2},"end":{"line":16,"column":9}},"7":{"start":{"line":20,"column":2},"end":{"line":22,"column":3}},"8":{"start":{"line":21,"column":4},"end":{"line":21,"column":51}}},"fnMap":{"0":{"name":"nameValidityCheck","decl":{"start":{"line":3,"column":9},"end":{"line":3,"column":26}},"loc":{"start":{"line":3,"column":33},"end":{"line":17,"column":1}},"line":3},"1":{"name":"typeValidityCheck","decl":{"start":{"line":19,"column":9},"end":{"line":19,"column":26}},"loc":{"start":{"line":19,"column":33},"end":{"line":23,"column":1}},"line":19}},"branchMap":{"0":{"loc":{"start":{"line":4,"column":2},"end":{"line":6,"column":3}},"type":"if","locations":[{"start":{"line":4,"column":2},"end":{"line":6,"column":3}},{"start":{},"end":{}}],"line":4},"1":{"loc":{"start":{"line":8,"column":2},"end":{"line":10,"column":3}},"type":"if","locations":[{"start":{"line":8,"column":2},"end":{"line":10,"column":3}},{"start":{},"end":{}}],"line":8},"2":{"loc":{"start":{"line":12,"column":2},"end":{"line":14,"column":3}},"type":"if","locations":[{"start":{"line":12,"column":2},"end":{"line":14,"column":3}},{"start":{},"end":{}}],"line":12},"3":{"loc":{"start":{"line":20,"column":2},"end":{"line":22,"column":3}},"type":"if","locations":[{"start":{"line":20,"column":2},"end":{"line":22,"column":3}},{"start":{},"end":{}}],"line":20}},"s":{"0":11,"1":1,"2":10,"3":1,"4":9,"5":1,"6":8,"7":8,"8":1},"f":{"0":11,"1":8},"b":{"0":[1,10],"1":[1,9],"2":[1,8],"3":[1,7]},"_coverageSchema":"1a1c01bbd47fc00a2c39e90264f33305004495a9","hash":"028f64c51b7d6fde0acbe87e8843648aa8c35a3c"}
,"D:\\учеба\\нетология\\Frontend\\продвинутый js\\Прототипы, конструкторы, классы и наследование\\dz\\oop-classes\\src\\js\\typesList.js": {"path":"D:\\учеба\\нетология\\Frontend\\продвинутый js\\Прототипы, конструкторы, классы и наследование\\dz\\oop-classes\\src\\js\\typesList.js","statementMap":{},"fnMap":{},"branchMap":{},"s":{},"f":{},"b":{},"_coverageSchema":"1a1c01bbd47fc00a2c39e90264f33305004495a9","hash":"1e719ca22d8fb9e6905988be839d7d9d69f4d216"}
}
