TN:
SF:src\js\Character.js
FN:4,(anonymous_0)
FN:16,(anonymous_1)
FN:25,(anonymous_2)
FN:34,(anonymous_3)
FN:43,(anonymous_4)
FN:52,(anonymous_5)
FN:61,(anonymous_6)
FNF:7
FNH:7
FNDA:11,(anonymous_0)
FNDA:1,(anonymous_1)
FNDA:1,(anonymous_2)
FNDA:1,(anonymous_3)
FNDA:1,(anonymous_4)
FNDA:1,(anonymous_5)
FNDA:1,(anonymous_6)
DA:5,11
DA:6,8
DA:8,7
DA:9,7
DA:10,7
DA:11,7
DA:17,1
DA:19,1
DA:20,1
DA:26,1
DA:28,1
DA:29,1
DA:35,1
DA:37,1
DA:38,1
DA:44,1
DA:46,1
DA:47,1
DA:53,1
DA:55,1
DA:56,1
DA:62,1
DA:64,1
DA:65,1
LF:24
LH:24
BRF:0
BRH:0
end_of_record
TN:
SF:src\js\characters.js
FNF:0
FNH:0
DA:1,1
LF:1
LH:1
BRF:0
BRH:0
end_of_record
TN:
SF:src\js\dataValidityCheck.js
FN:3,nameValidityCheck
FN:19,typeValidityCheck
FNF:2
FNH:2
FNDA:11,nameValidityCheck
FNDA:8,typeValidityCheck
DA:4,11
DA:5,1
DA:8,10
DA:9,1
DA:12,9
DA:13,1
DA:16,8
DA:20,8
DA:21,1
LF:9
LH:9
BRDA:4,0,0,1
BRDA:4,0,1,10
BRDA:8,1,0,1
BRDA:8,1,1,9
BRDA:12,2,0,1
BRDA:12,2,1,8
BRDA:20,3,0,1
BRDA:20,3,1,7
BRF:8
BRH:8
end_of_record
TN:
SF:src\js\typesList.js
FNF:0
FNH:0
LF:0
LH:0
BRF:0
BRH:0
end_of_record
